<?xml version="1.0" encoding="UTF-8"?>
<!-- Generated by org.testng.reporters.JUnitReportReporter -->
<testsuite skipped="0" hostname="WIN-RKHFE96E18G" name="org.appium.TestUtils.testBS" tests="1" failures="0" timestamp="22 Sep 2022 05:54:45 GMT" time="0.003" errors="0">
  <testcase name="testSearchAppium" time="0.003" classname="org.appium.TestUtils.testBS"/>
</testsuite> <!-- org.appium.TestUtils.testBS -->
